<?xml version="1.0" encoding="UTF-8"?>
<!-- Generated by org.testng.reporters.JUnitXMLReporter -->
<testsuite hostname="DESKTOP-LVGRQ1M" ignored="0" name="Test" tests="1" failures="1" timestamp="16 Jan 2020 16:44:57 GMT" time="14.115" errors="0">
  <testcase name="validateVerifyTitle" time="0.011" classname="com.mrs.qa.testcases.LoginPage_Test">
    <failure type="java.lang.NullPointerException">
      <![CDATA[java.lang.NullPointerException
at com.mrs.qa.pages.LoginPage.verifyTitle(LoginPage.java:26)
at com.mrs.qa.testcases.LoginPage_Test.validateVerifyTitle(LoginPage_Test.java:24)
... Removed 25 stack frames]]>
    </failure>
  </testcase> <!-- validateVerifyTitle -->
</testsuite> <!-- Test -->
